<?xml version="1.0" encoding="UTF-8"?>
<coverage generated="1730016043795" clover="3.2.0">
  <project timestamp="1730016043795" name="All files">
    <metrics statements="470" coveredstatements="460" conditionals="47" coveredconditionals="46" methods="16" coveredmethods="15" elements="533" coveredelements="521" complexity="0" loc="470" ncloc="470" packages="13" files="25" classes="25"/>
    <package name="src">
      <metrics statements="102" coveredstatements="92" conditionals="27" coveredconditionals="26" methods="3" coveredmethods="2"/>
      <file name="App.tsx" path="C:\Users\user\Documents\Kata\react2\vegiesApp\src\App.tsx">
        <metrics statements="89" coveredstatements="88" conditionals="25" coveredconditionals="25" methods="2" coveredmethods="2"/>
        <line num="1" count="1" type="stmt"/>
        <line num="2" count="1" type="stmt"/>
        <line num="3" count="1" type="stmt"/>
        <line num="4" count="1" type="stmt"/>
        <line num="5" count="1" type="stmt"/>
        <line num="6" count="1" type="stmt"/>
        <line num="7" count="1" type="stmt"/>
        <line num="8" count="1" type="stmt"/>
        <line num="9" count="1" type="stmt"/>
        <line num="10" count="1" type="stmt"/>
        <line num="11" count="1" type="stmt"/>
        <line num="13" count="16" type="cond" truecount="1" falsecount="0"/>
        <line num="14" count="16" type="stmt"/>
        <line num="15" count="16" type="stmt"/>
        <line num="16" count="16" type="stmt"/>
        <line num="18" count="16" type="cond" truecount="1" falsecount="0"/>
        <line num="19" count="5" type="stmt"/>
        <line num="20" count="5" type="cond" truecount="1" falsecount="0"/>
        <line num="21" count="5" type="cond" truecount="1" falsecount="0"/>
        <line num="22" count="60" type="stmt"/>
        <line num="23" count="60" type="stmt"/>
        <line num="24" count="60" type="stmt"/>
        <line num="25" count="5" type="stmt"/>
        <line num="26" count="5" type="stmt"/>
        <line num="27" count="5" type="stmt"/>
        <line num="28" count="5" type="stmt"/>
        <line num="29" count="5" type="stmt"/>
        <line num="30" count="0" type="stmt"/>
        <line num="31" count="5" type="stmt"/>
        <line num="32" count="16" type="stmt"/>
        <line num="34" count="16" type="cond" truecount="1" falsecount="0"/>
        <line num="35" count="4" type="stmt"/>
        <line num="36" count="4" type="cond" truecount="1" falsecount="0"/>
        <line num="37" count="2" type="cond" truecount="1" falsecount="0"/>
        <line num="38" count="2" type="cond" truecount="1" falsecount="0"/>
        <line num="39" count="24" type="cond" truecount="1" falsecount="0"/>
        <line num="40" count="2" type="stmt"/>
        <line num="41" count="2" type="cond" truecount="1" falsecount="0"/>
        <line num="42" count="22" type="stmt"/>
        <line num="43" count="2" type="stmt"/>
        <line num="44" count="2" type="stmt"/>
        <line num="45" count="2" type="stmt"/>
        <line num="46" count="4" type="cond" truecount="1" falsecount="0"/>
        <line num="47" count="1" type="cond" truecount="1" falsecount="0"/>
        <line num="48" count="1" type="cond" truecount="1" falsecount="0"/>
        <line num="49" count="12" type="cond" truecount="2" falsecount="0"/>
        <line num="50" count="1" type="stmt"/>
        <line num="51" count="1" type="cond" truecount="1" falsecount="0"/>
        <line num="52" count="11" type="stmt"/>
        <line num="53" count="1" type="stmt"/>
        <line num="54" count="1" type="stmt"/>
        <line num="55" count="1" type="stmt"/>
        <line num="56" count="4" type="cond" truecount="1" falsecount="0"/>
        <line num="57" count="1" type="cond" truecount="1" falsecount="0"/>
        <line num="58" count="1" type="cond" truecount="1" falsecount="0"/>
        <line num="59" count="12" type="cond" truecount="1" falsecount="0"/>
        <line num="60" count="1" type="stmt"/>
        <line num="61" count="1" type="cond" truecount="1" falsecount="0"/>
        <line num="62" count="11" type="stmt"/>
        <line num="63" count="1" type="stmt"/>
        <line num="64" count="1" type="stmt"/>
        <line num="65" count="4" type="stmt"/>
        <line num="66" count="4" type="stmt"/>
        <line num="67" count="16" type="stmt"/>
        <line num="68" count="16" type="stmt"/>
        <line num="69" count="16" type="stmt"/>
        <line num="70" count="16" type="stmt"/>
        <line num="71" count="16" type="stmt"/>
        <line num="72" count="16" type="cond" truecount="1" falsecount="0"/>
        <line num="73" count="16" type="stmt"/>
        <line num="74" count="16" type="stmt"/>
        <line num="75" count="16" type="stmt"/>
        <line num="76" count="16" type="cond" truecount="1" falsecount="0"/>
        <line num="77" count="16" type="stmt"/>
        <line num="78" count="16" type="stmt"/>
        <line num="79" count="16" type="cond" truecount="1" falsecount="0"/>
        <line num="80" count="6" type="cond" truecount="1" falsecount="0"/>
        <line num="82" count="10" type="stmt"/>
        <line num="83" count="10" type="stmt"/>
        <line num="85" count="10" type="stmt"/>
        <line num="86" count="10" type="stmt"/>
        <line num="87" count="10" type="stmt"/>
        <line num="88" count="10" type="stmt"/>
        <line num="89" count="10" type="stmt"/>
        <line num="90" count="10" type="stmt"/>
        <line num="92" count="16" type="stmt"/>
        <line num="93" count="16" type="stmt"/>
        <line num="95" count="16" type="stmt"/>
        <line num="97" count="1" type="stmt"/>
      </file>
      <file name="main.tsx" path="C:\Users\user\Documents\Kata\react2\vegiesApp\src\main.tsx">
        <metrics statements="9" coveredstatements="0" conditionals="1" coveredconditionals="0" methods="1" coveredmethods="0"/>
        <line num="1" count="0" type="cond" truecount="0" falsecount="1"/>
        <line num="2" count="0" type="stmt"/>
        <line num="3" count="0" type="stmt"/>
        <line num="4" count="0" type="stmt"/>
        <line num="6" count="0" type="stmt"/>
        <line num="7" count="0" type="stmt"/>
        <line num="8" count="0" type="stmt"/>
        <line num="9" count="0" type="stmt"/>
        <line num="10" count="0" type="stmt"/>
      </file>
      <file name="types.ts" path="C:\Users\user\Documents\Kata\react2\vegiesApp\src\types.ts">
        <metrics statements="4" coveredstatements="4" conditionals="1" coveredconditionals="1" methods="0" coveredmethods="0"/>
        <line num="14" count="1" type="cond" truecount="1" falsecount="0"/>
        <line num="15" count="1" type="stmt"/>
        <line num="16" count="1" type="stmt"/>
        <line num="17" count="1" type="stmt"/>
      </file>
    </package>
    <package name="src.api">
      <metrics statements="9" coveredstatements="9" conditionals="1" coveredconditionals="1" methods="1" coveredmethods="1"/>
      <file name="getVegetable.ts" path="C:\Users\user\Documents\Kata\react2\vegiesApp\src\api\getVegetable.ts">
        <metrics statements="9" coveredstatements="9" conditionals="1" coveredconditionals="1" methods="1" coveredmethods="1"/>
        <line num="1" count="1" type="stmt"/>
        <line num="5" count="1" type="cond" truecount="1" falsecount="0"/>
        <line num="6" count="5" type="stmt"/>
        <line num="7" count="5" type="stmt"/>
        <line num="8" count="5" type="stmt"/>
        <line num="9" count="5" type="stmt"/>
        <line num="10" count="5" type="stmt"/>
        <line num="11" count="5" type="stmt"/>
        <line num="12" count="5" type="stmt"/>
      </file>
    </package>
    <package name="src.components.VegetableCard">
      <metrics statements="48" coveredstatements="48" conditionals="2" coveredconditionals="2" methods="2" coveredmethods="2"/>
      <file name="VegetableCard.tsx" path="C:\Users\user\Documents\Kata\react2\vegiesApp\src\components\VegetableCard\VegetableCard.tsx">
        <metrics statements="47" coveredstatements="47" conditionals="2" coveredconditionals="2" methods="2" coveredmethods="2"/>
        <line num="1" count="1" type="stmt"/>
        <line num="7" count="1" type="cond" truecount="1" falsecount="0"/>
        <line num="8" count="120" type="stmt"/>
        <line num="9" count="120" type="stmt"/>
        <line num="10" count="120" type="stmt"/>
        <line num="11" count="120" type="stmt"/>
        <line num="12" count="120" type="stmt"/>
        <line num="13" count="120" type="stmt"/>
        <line num="14" count="120" type="stmt"/>
        <line num="15" count="120" type="stmt"/>
        <line num="16" count="120" type="stmt"/>
        <line num="17" count="120" type="stmt"/>
        <line num="18" count="120" type="stmt"/>
        <line num="19" count="120" type="stmt"/>
        <line num="20" count="120" type="stmt"/>
        <line num="21" count="120" type="stmt"/>
        <line num="22" count="120" type="stmt"/>
        <line num="23" count="120" type="stmt"/>
        <line num="24" count="120" type="stmt"/>
        <line num="25" count="120" type="stmt"/>
        <line num="26" count="120" type="stmt"/>
        <line num="27" count="120" type="stmt"/>
        <line num="28" count="120" type="stmt"/>
        <line num="29" count="120" type="stmt"/>
        <line num="30" count="120" type="stmt"/>
        <line num="31" count="120" type="stmt"/>
        <line num="32" count="120" type="stmt"/>
        <line num="33" count="120" type="stmt"/>
        <line num="34" count="120" type="stmt"/>
        <line num="35" count="120" type="stmt"/>
        <line num="36" count="120" type="stmt"/>
        <line num="37" count="120" type="stmt"/>
        <line num="38" count="120" type="stmt"/>
        <line num="39" count="120" type="stmt"/>
        <line num="40" count="120" type="stmt"/>
        <line num="41" count="120" type="stmt"/>
        <line num="42" count="120" type="stmt"/>
        <line num="43" count="120" type="cond" truecount="1" falsecount="0"/>
        <line num="44" count="120" type="stmt"/>
        <line num="45" count="120" type="stmt"/>
        <line num="47" count="120" type="stmt"/>
        <line num="48" count="120" type="stmt"/>
        <line num="49" count="120" type="stmt"/>
        <line num="50" count="120" type="stmt"/>
        <line num="51" count="120" type="stmt"/>
        <line num="52" count="120" type="stmt"/>
        <line num="54" count="120" type="stmt"/>
      </file>
      <file name="index.ts" path="C:\Users\user\Documents\Kata\react2\vegiesApp\src\components\VegetableCard\index.ts">
        <metrics statements="1" coveredstatements="1" conditionals="0" coveredconditionals="0" methods="0" coveredmethods="0"/>
        <line num="1" count="1" type="stmt"/>
      </file>
    </package>
    <package name="src.components.VegetableCardMini">
      <metrics statements="36" coveredstatements="36" conditionals="1" coveredconditionals="1" methods="1" coveredmethods="1"/>
      <file name="VegetableCardMini.tsx" path="C:\Users\user\Documents\Kata\react2\vegiesApp\src\components\VegetableCardMini\VegetableCardMini.tsx">
        <metrics statements="35" coveredstatements="35" conditionals="1" coveredconditionals="1" methods="1" coveredmethods="1"/>
        <line num="1" count="1" type="stmt"/>
        <line num="6" count="1" type="cond" truecount="1" falsecount="0"/>
        <line num="7" count="1" type="stmt"/>
        <line num="8" count="1" type="stmt"/>
        <line num="9" count="1" type="stmt"/>
        <line num="10" count="1" type="stmt"/>
        <line num="11" count="1" type="stmt"/>
        <line num="12" count="1" type="stmt"/>
        <line num="13" count="1" type="stmt"/>
        <line num="14" count="1" type="stmt"/>
        <line num="15" count="1" type="stmt"/>
        <line num="16" count="1" type="stmt"/>
        <line num="17" count="1" type="stmt"/>
        <line num="18" count="1" type="stmt"/>
        <line num="19" count="1" type="stmt"/>
        <line num="20" count="1" type="stmt"/>
        <line num="21" count="1" type="stmt"/>
        <line num="22" count="1" type="stmt"/>
        <line num="23" count="1" type="stmt"/>
        <line num="24" count="1" type="stmt"/>
        <line num="25" count="1" type="stmt"/>
        <line num="26" count="1" type="stmt"/>
        <line num="27" count="1" type="stmt"/>
        <line num="28" count="1" type="stmt"/>
        <line num="29" count="1" type="stmt"/>
        <line num="30" count="1" type="stmt"/>
        <line num="31" count="1" type="stmt"/>
        <line num="32" count="1" type="stmt"/>
        <line num="33" count="1" type="stmt"/>
        <line num="34" count="1" type="stmt"/>
        <line num="35" count="1" type="stmt"/>
        <line num="36" count="1" type="stmt"/>
        <line num="37" count="1" type="stmt"/>
        <line num="38" count="1" type="stmt"/>
        <line num="40" count="1" type="stmt"/>
      </file>
      <file name="index.ts" path="C:\Users\user\Documents\Kata\react2\vegiesApp\src\components\VegetableCardMini\index.ts">
        <metrics statements="1" coveredstatements="1" conditionals="0" coveredconditionals="0" methods="0" coveredmethods="0"/>
        <line num="1" count="1" type="stmt"/>
      </file>
    </package>
    <package name="src.components.quantityButtons">
      <metrics statements="28" coveredstatements="28" conditionals="3" coveredconditionals="3" methods="3" coveredmethods="3"/>
      <file name="QuantityButtons.tsx" path="C:\Users\user\Documents\Kata\react2\vegiesApp\src\components\quantityButtons\QuantityButtons.tsx">
        <metrics statements="27" coveredstatements="27" conditionals="3" coveredconditionals="3" methods="3" coveredmethods="3"/>
        <line num="1" count="1" type="stmt"/>
        <line num="6" count="1" type="cond" truecount="1" falsecount="0"/>
        <line num="7" count="121" type="stmt"/>
        <line num="8" count="121" type="stmt"/>
        <line num="9" count="121" type="stmt"/>
        <line num="10" count="121" type="stmt"/>
        <line num="11" count="121" type="stmt"/>
        <line num="12" count="121" type="stmt"/>
        <line num="13" count="121" type="stmt"/>
        <line num="14" count="121" type="stmt"/>
        <line num="15" count="121" type="stmt"/>
        <line num="16" count="121" type="cond" truecount="1" falsecount="0"/>
        <line num="17" count="121" type="stmt"/>
        <line num="18" count="121" type="stmt"/>
        <line num="19" count="121" type="stmt"/>
        <line num="20" count="121" type="stmt"/>
        <line num="21" count="121" type="stmt"/>
        <line num="22" count="121" type="stmt"/>
        <line num="23" count="121" type="stmt"/>
        <line num="24" count="121" type="stmt"/>
        <line num="25" count="121" type="stmt"/>
        <line num="26" count="121" type="stmt"/>
        <line num="27" count="121" type="cond" truecount="1" falsecount="0"/>
        <line num="28" count="121" type="stmt"/>
        <line num="29" count="121" type="stmt"/>
        <line num="30" count="121" type="stmt"/>
        <line num="32" count="121" type="stmt"/>
      </file>
      <file name="index.ts" path="C:\Users\user\Documents\Kata\react2\vegiesApp\src\components\quantityButtons\index.ts">
        <metrics statements="1" coveredstatements="1" conditionals="0" coveredconditionals="0" methods="0" coveredmethods="0"/>
        <line num="1" count="1" type="stmt"/>
      </file>
    </package>
    <package name="src.constants">
      <metrics statements="25" coveredstatements="25" conditionals="0" coveredconditionals="0" methods="0" coveredmethods="0"/>
      <file name="api.ts" path="C:\Users\user\Documents\Kata\react2\vegiesApp\src\constants\api.ts">
        <metrics statements="1" coveredstatements="1" conditionals="0" coveredconditionals="0" methods="0" coveredmethods="0"/>
        <line num="1" count="1" type="stmt"/>
      </file>
      <file name="constTheme.ts" path="C:\Users\user\Documents\Kata\react2\vegiesApp\src\constants\constTheme.ts">
        <metrics statements="24" coveredstatements="24" conditionals="0" coveredconditionals="0" methods="0" coveredmethods="0"/>
        <line num="3" count="1" type="stmt"/>
        <line num="4" count="1" type="stmt"/>
        <line num="5" count="1" type="stmt"/>
        <line num="6" count="1" type="stmt"/>
        <line num="7" count="1" type="stmt"/>
        <line num="8" count="1" type="stmt"/>
        <line num="9" count="1" type="stmt"/>
        <line num="10" count="1" type="stmt"/>
        <line num="11" count="1" type="stmt"/>
        <line num="12" count="1" type="stmt"/>
        <line num="13" count="1" type="stmt"/>
        <line num="14" count="1" type="stmt"/>
        <line num="16" count="1" type="stmt"/>
        <line num="17" count="1" type="stmt"/>
        <line num="18" count="1" type="stmt"/>
        <line num="19" count="1" type="stmt"/>
        <line num="20" count="1" type="stmt"/>
        <line num="21" count="1" type="stmt"/>
        <line num="22" count="1" type="stmt"/>
        <line num="23" count="1" type="stmt"/>
        <line num="24" count="1" type="stmt"/>
        <line num="25" count="1" type="stmt"/>
        <line num="26" count="1" type="stmt"/>
        <line num="27" count="1" type="stmt"/>
      </file>
    </package>
    <package name="src.modules.header">
      <metrics statements="26" coveredstatements="26" conditionals="2" coveredconditionals="2" methods="1" coveredmethods="1"/>
      <file name="Header.tsx" path="C:\Users\user\Documents\Kata\react2\vegiesApp\src\modules\header\Header.tsx">
        <metrics statements="25" coveredstatements="25" conditionals="2" coveredconditionals="2" methods="1" coveredmethods="1"/>
        <line num="1" count="1" type="stmt"/>
        <line num="6" count="1" type="cond" truecount="1" falsecount="0"/>
        <line num="7" count="16" type="stmt"/>
        <line num="8" count="16" type="stmt"/>
        <line num="9" count="16" type="stmt"/>
        <line num="10" count="16" type="stmt"/>
        <line num="11" count="16" type="stmt"/>
        <line num="12" count="16" type="stmt"/>
        <line num="13" count="16" type="stmt"/>
        <line num="14" count="16" type="stmt"/>
        <line num="15" count="16" type="stmt"/>
        <line num="16" count="16" type="stmt"/>
        <line num="17" count="16" type="stmt"/>
        <line num="18" count="16" type="stmt"/>
        <line num="19" count="16" type="cond" truecount="1" falsecount="0"/>
        <line num="20" count="1" type="stmt"/>
        <line num="21" count="1" type="stmt"/>
        <line num="22" count="1" type="stmt"/>
        <line num="23" count="16" type="stmt"/>
        <line num="25" count="16" type="stmt"/>
        <line num="26" count="16" type="stmt"/>
        <line num="27" count="16" type="stmt"/>
        <line num="28" count="16" type="stmt"/>
        <line num="29" count="16" type="stmt"/>
        <line num="31" count="16" type="stmt"/>
      </file>
      <file name="index.ts" path="C:\Users\user\Documents\Kata\react2\vegiesApp\src\modules\header\index.ts">
        <metrics statements="1" coveredstatements="1" conditionals="0" coveredconditionals="0" methods="0" coveredmethods="0"/>
        <line num="1" count="1" type="stmt"/>
      </file>
    </package>
    <package name="src.modules.list">
      <metrics statements="11" coveredstatements="11" conditionals="2" coveredconditionals="2" methods="1" coveredmethods="1"/>
      <file name="List.tsx" path="C:\Users\user\Documents\Kata\react2\vegiesApp\src\modules\list\List.tsx">
        <metrics statements="10" coveredstatements="10" conditionals="2" coveredconditionals="2" methods="1" coveredmethods="1"/>
        <line num="1" count="1" type="stmt"/>
        <line num="5" count="1" type="cond" truecount="1" falsecount="0"/>
        <line num="6" count="10" type="stmt"/>
        <line num="7" count="10" type="stmt"/>
        <line num="8" count="10" type="cond" truecount="1" falsecount="0"/>
        <line num="9" count="120" type="stmt"/>
        <line num="10" count="120" type="stmt"/>
        <line num="12" count="10" type="stmt"/>
        <line num="13" count="10" type="stmt"/>
        <line num="15" count="10" type="stmt"/>
      </file>
      <file name="index.ts" path="C:\Users\user\Documents\Kata\react2\vegiesApp\src\modules\list\index.ts">
        <metrics statements="1" coveredstatements="1" conditionals="0" coveredconditionals="0" methods="0" coveredmethods="0"/>
        <line num="1" count="1" type="stmt"/>
      </file>
    </package>
    <package name="src.modules.popup">
      <metrics statements="41" coveredstatements="41" conditionals="5" coveredconditionals="5" methods="1" coveredmethods="1"/>
      <file name="Popup.tsx" path="C:\Users\user\Documents\Kata\react2\vegiesApp\src\modules\popup\Popup.tsx">
        <metrics statements="40" coveredstatements="40" conditionals="5" coveredconditionals="5" methods="1" coveredmethods="1"/>
        <line num="1" count="1" type="stmt"/>
        <line num="7" count="1" type="cond" truecount="1" falsecount="0"/>
        <line num="8" count="16" type="stmt"/>
        <line num="9" count="16" type="stmt"/>
        <line num="10" count="16" type="stmt"/>
        <line num="11" count="16" type="stmt"/>
        <line num="12" count="16" type="stmt"/>
        <line num="13" count="16" type="stmt"/>
        <line num="14" count="16" type="cond" truecount="1" falsecount="0"/>
        <line num="15" count="1" type="stmt"/>
        <line num="16" count="1" type="cond" truecount="1" falsecount="0"/>
        <line num="17" count="1" type="stmt"/>
        <line num="18" count="1" type="stmt"/>
        <line num="19" count="1" type="stmt"/>
        <line num="20" count="1" type="stmt"/>
        <line num="21" count="1" type="stmt"/>
        <line num="22" count="1" type="stmt"/>
        <line num="24" count="1" type="stmt"/>
        <line num="25" count="1" type="stmt"/>
        <line num="26" count="1" type="stmt"/>
        <line num="28" count="1" type="stmt"/>
        <line num="29" count="1" type="stmt"/>
        <line num="31" count="1" type="stmt"/>
        <line num="32" count="1" type="cond" truecount="1" falsecount="0"/>
        <line num="33" count="1" type="stmt"/>
        <line num="34" count="1" type="stmt"/>
        <line num="35" count="1" type="stmt"/>
        <line num="36" count="1" type="stmt"/>
        <line num="37" count="1" type="cond" truecount="1" falsecount="0"/>
        <line num="39" count="15" type="stmt"/>
        <line num="40" count="15" type="stmt"/>
        <line num="41" count="15" type="stmt"/>
        <line num="42" count="15" type="stmt"/>
        <line num="43" count="15" type="stmt"/>
        <line num="44" count="15" type="stmt"/>
        <line num="46" count="15" type="stmt"/>
        <line num="47" count="15" type="stmt"/>
        <line num="48" count="15" type="stmt"/>
        <line num="50" count="16" type="stmt"/>
        <line num="52" count="16" type="stmt"/>
      </file>
      <file name="index.ts" path="C:\Users\user\Documents\Kata\react2\vegiesApp\src\modules\popup\index.ts">
        <metrics statements="1" coveredstatements="1" conditionals="0" coveredconditionals="0" methods="0" coveredmethods="0"/>
        <line num="1" count="1" type="stmt"/>
      </file>
    </package>
    <package name="src.moks">
      <metrics statements="108" coveredstatements="108" conditionals="1" coveredconditionals="1" methods="0" coveredmethods="0"/>
      <file name="handlers.ts" path="C:\Users\user\Documents\Kata\react2\vegiesApp\src\moks\handlers.ts">
        <metrics statements="6" coveredstatements="6" conditionals="1" coveredconditionals="1" methods="0" coveredmethods="0"/>
        <line num="1" count="1" type="stmt"/>
        <line num="5" count="1" type="stmt"/>
        <line num="6" count="1" type="cond" truecount="1" falsecount="0"/>
        <line num="7" count="5" type="stmt"/>
        <line num="8" count="1" type="stmt"/>
        <line num="9" count="1" type="stmt"/>
      </file>
      <file name="response.ts" path="C:\Users\user\Documents\Kata\react2\vegiesApp\src\moks\response.ts">
        <metrics statements="98" coveredstatements="98" conditionals="0" coveredconditionals="0" methods="0" coveredmethods="0"/>
        <line num="1" count="1" type="stmt"/>
        <line num="2" count="1" type="stmt"/>
        <line num="3" count="1" type="stmt"/>
        <line num="4" count="1" type="stmt"/>
        <line num="5" count="1" type="stmt"/>
        <line num="6" count="1" type="stmt"/>
        <line num="7" count="1" type="stmt"/>
        <line num="8" count="1" type="stmt"/>
        <line num="9" count="1" type="stmt"/>
        <line num="10" count="1" type="stmt"/>
        <line num="11" count="1" type="stmt"/>
        <line num="12" count="1" type="stmt"/>
        <line num="13" count="1" type="stmt"/>
        <line num="14" count="1" type="stmt"/>
        <line num="15" count="1" type="stmt"/>
        <line num="16" count="1" type="stmt"/>
        <line num="17" count="1" type="stmt"/>
        <line num="18" count="1" type="stmt"/>
        <line num="19" count="1" type="stmt"/>
        <line num="20" count="1" type="stmt"/>
        <line num="21" count="1" type="stmt"/>
        <line num="22" count="1" type="stmt"/>
        <line num="23" count="1" type="stmt"/>
        <line num="24" count="1" type="stmt"/>
        <line num="25" count="1" type="stmt"/>
        <line num="26" count="1" type="stmt"/>
        <line num="27" count="1" type="stmt"/>
        <line num="28" count="1" type="stmt"/>
        <line num="29" count="1" type="stmt"/>
        <line num="30" count="1" type="stmt"/>
        <line num="31" count="1" type="stmt"/>
        <line num="32" count="1" type="stmt"/>
        <line num="33" count="1" type="stmt"/>
        <line num="34" count="1" type="stmt"/>
        <line num="35" count="1" type="stmt"/>
        <line num="36" count="1" type="stmt"/>
        <line num="37" count="1" type="stmt"/>
        <line num="38" count="1" type="stmt"/>
        <line num="39" count="1" type="stmt"/>
        <line num="40" count="1" type="stmt"/>
        <line num="41" count="1" type="stmt"/>
        <line num="42" count="1" type="stmt"/>
        <line num="43" count="1" type="stmt"/>
        <line num="44" count="1" type="stmt"/>
        <line num="45" count="1" type="stmt"/>
        <line num="46" count="1" type="stmt"/>
        <line num="47" count="1" type="stmt"/>
        <line num="48" count="1" type="stmt"/>
        <line num="49" count="1" type="stmt"/>
        <line num="50" count="1" type="stmt"/>
        <line num="51" count="1" type="stmt"/>
        <line num="52" count="1" type="stmt"/>
        <line num="53" count="1" type="stmt"/>
        <line num="54" count="1" type="stmt"/>
        <line num="55" count="1" type="stmt"/>
        <line num="56" count="1" type="stmt"/>
        <line num="57" count="1" type="stmt"/>
        <line num="58" count="1" type="stmt"/>
        <line num="59" count="1" type="stmt"/>
        <line num="60" count="1" type="stmt"/>
        <line num="61" count="1" type="stmt"/>
        <line num="62" count="1" type="stmt"/>
        <line num="63" count="1" type="stmt"/>
        <line num="64" count="1" type="stmt"/>
        <line num="65" count="1" type="stmt"/>
        <line num="66" count="1" type="stmt"/>
        <line num="67" count="1" type="stmt"/>
        <line num="68" count="1" type="stmt"/>
        <line num="69" count="1" type="stmt"/>
        <line num="70" count="1" type="stmt"/>
        <line num="71" count="1" type="stmt"/>
        <line num="72" count="1" type="stmt"/>
        <line num="73" count="1" type="stmt"/>
        <line num="74" count="1" type="stmt"/>
        <line num="75" count="1" type="stmt"/>
        <line num="76" count="1" type="stmt"/>
        <line num="77" count="1" type="stmt"/>
        <line num="78" count="1" type="stmt"/>
        <line num="79" count="1" type="stmt"/>
        <line num="80" count="1" type="stmt"/>
        <line num="81" count="1" type="stmt"/>
        <line num="82" count="1" type="stmt"/>
        <line num="83" count="1" type="stmt"/>
        <line num="84" count="1" type="stmt"/>
        <line num="85" count="1" type="stmt"/>
        <line num="86" count="1" type="stmt"/>
        <line num="87" count="1" type="stmt"/>
        <line num="88" count="1" type="stmt"/>
        <line num="89" count="1" type="stmt"/>
        <line num="90" count="1" type="stmt"/>
        <line num="91" count="1" type="stmt"/>
        <line num="92" count="1" type="stmt"/>
        <line num="93" count="1" type="stmt"/>
        <line num="94" count="1" type="stmt"/>
        <line num="95" count="1" type="stmt"/>
        <line num="96" count="1" type="stmt"/>
        <line num="97" count="1" type="stmt"/>
        <line num="98" count="1" type="stmt"/>
      </file>
      <file name="server.js" path="C:\Users\user\Documents\Kata\react2\vegiesApp\src\moks\server.js">
        <metrics statements="4" coveredstatements="4" conditionals="0" coveredconditionals="0" methods="0" coveredmethods="0"/>
        <line num="1" count="1" type="stmt"/>
        <line num="2" count="1" type="stmt"/>
        <line num="3" count="1" type="stmt"/>
        <line num="4" count="1" type="stmt"/>
      </file>
    </package>
    <package name="src.shared.image">
      <metrics statements="10" coveredstatements="10" conditionals="1" coveredconditionals="1" methods="1" coveredmethods="1"/>
      <file name="Cart.tsx" path="C:\Users\user\Documents\Kata\react2\vegiesApp\src\shared\image\Cart.tsx">
        <metrics statements="9" coveredstatements="9" conditionals="1" coveredconditionals="1" methods="1" coveredmethods="1"/>
        <line num="1" count="1" type="cond" truecount="1" falsecount="0"/>
        <line num="2" count="136" type="stmt"/>
        <line num="3" count="136" type="stmt"/>
        <line num="4" count="136" type="stmt"/>
        <line num="5" count="136" type="stmt"/>
        <line num="6" count="136" type="stmt"/>
        <line num="7" count="136" type="stmt"/>
        <line num="8" count="136" type="stmt"/>
        <line num="9" count="136" type="stmt"/>
      </file>
      <file name="index.ts" path="C:\Users\user\Documents\Kata\react2\vegiesApp\src\shared\image\index.ts">
        <metrics statements="1" coveredstatements="1" conditionals="0" coveredconditionals="0" methods="0" coveredmethods="0"/>
        <line num="1" count="1" type="stmt"/>
      </file>
    </package>
    <package name="src.test">
      <metrics statements="7" coveredstatements="7" conditionals="2" coveredconditionals="2" methods="2" coveredmethods="2"/>
      <file name="utils.tsx" path="C:\Users\user\Documents\Kata\react2\vegiesApp\src\test\utils.tsx">
        <metrics statements="7" coveredstatements="7" conditionals="2" coveredconditionals="2" methods="2" coveredmethods="2"/>
        <line num="1" count="1" type="stmt"/>
        <line num="7" count="1" type="cond" truecount="1" falsecount="0"/>
        <line num="8" count="5" type="stmt"/>
        <line num="9" count="5" type="cond" truecount="1" falsecount="0"/>
        <line num="10" count="5" type="stmt"/>
        <line num="12" count="5" type="stmt"/>
        <line num="13" count="5" type="stmt"/>
      </file>
    </package>
    <package name="src.theme">
      <metrics statements="19" coveredstatements="19" conditionals="0" coveredconditionals="0" methods="0" coveredmethods="0"/>
      <file name="index.ts" path="C:\Users\user\Documents\Kata\react2\vegiesApp\src\theme\index.ts">
        <metrics statements="19" coveredstatements="19" conditionals="0" coveredconditionals="0" methods="0" coveredmethods="0"/>
        <line num="1" count="1" type="stmt"/>
        <line num="4" count="1" type="stmt"/>
        <line num="5" count="1" type="stmt"/>
        <line num="6" count="1" type="stmt"/>
        <line num="7" count="1" type="stmt"/>
        <line num="8" count="1" type="stmt"/>
        <line num="9" count="1" type="stmt"/>
        <line num="10" count="1" type="stmt"/>
        <line num="11" count="1" type="stmt"/>
        <line num="12" count="1" type="stmt"/>
        <line num="13" count="1" type="stmt"/>
        <line num="14" count="1" type="stmt"/>
        <line num="15" count="1" type="stmt"/>
        <line num="16" count="1" type="stmt"/>
        <line num="17" count="1" type="stmt"/>
        <line num="18" count="1" type="stmt"/>
        <line num="19" count="1" type="stmt"/>
        <line num="20" count="1" type="stmt"/>
        <line num="21" count="1" type="stmt"/>
      </file>
    </package>
  </project>
</coverage>
